<?xml version="1.0" encoding="UTF-8"?>
<!-- Generated by org.testng.reporters.JUnitReportReporter -->
<testsuite hostname="IN-GPS102490" failures="0" tests="1" name="Swetha.tests.SubmitOrderTest" time="18.825" errors="0" timestamp="2024-04-25T19:23:40 IST" skipped="0">
  <testcase classname="Swetha.tests.SubmitOrderTest" name="submitOrder" time="18.825"/>
</testsuite> <!-- Swetha.tests.SubmitOrderTest -->
